2016-06-06 10:20:04,882 [INFO] from play.core.server.NettyServer in pool-6-thread-2 - Listening for HTTP on /0:0:0:0:0:0:0:0:9000
2016-06-06 10:20:14,394 [WARN] from application in ForkJoinPool-1-worker-1 - application.conf @ file:/home/irfank/Play_applications/restaurant_abh/target/scala-2.11/classes/application.conf: 362: user is deprecated, use username instead
2016-06-06 10:20:14,415 [INFO] from application in ForkJoinPool-1-worker-1 - Creating Pool for datasource 'default'
2016-06-06 10:20:14,664 [INFO] from play.api.db.HikariCPConnectionPool in ForkJoinPool-1-worker-1 - datasource [default] bound to JNDI as DefaultDS
2016-06-06 10:20:14,681 [INFO] from play.api.db.DefaultDBApi in ForkJoinPool-1-worker-1 - Database [default] connected at jdbc:postgresql://127.0.0.1:5432/restaurant_abh
2016-06-06 10:20:15,115 [INFO] from application in ForkJoinPool-1-worker-1 - ApplicationTimer demo: Starting application at 2016-06-06T08:20:15.114Z
2016-06-06 10:20:15,122 [WARN] from application in ForkJoinPool-1-worker-1 - application.conf @ file:/home/irfank/Play_applications/restaurant_abh/target/scala-2.11/classes/application.conf: 373: session.maxAge is deprecated, use play.http.session.maxAge instead
2016-06-06 10:20:15,545 [INFO] from play.api.Play in ForkJoinPool-1-worker-1 - Application started (Dev)
2016-06-06 10:20:18,115 [DEBUG] from org.hibernate.SQL in application-akka.actor.default-dispatcher-2 - SELECT *, (SELECT COUNT(rs.id) FROM reservations rs, restauranttables rt WHERE date_part('day', rs.reservationDateTime) = date_part('day', NOW()) AND rs.idTable = rt.id AND restaurants.id = rt.idRestaurant GROUP BY rt.idRestaurant) AS sortingnumber FROM restaurants ORDER BY sortingnumber DESC nulls last LIMIT 6
2016-06-06 10:20:18,238 [DEBUG] from org.hibernate.SQL in application-akka.actor.default-dispatcher-2 - SELECT r.locationName AS location, COUNT(r.id) AS number FROM restaurants r GROUP BY r.locationName
2016-06-06 10:20:36,251 [WARN] from org.hibernate.hql.internal.ast.HqlSqlWalker in application-akka.actor.default-dispatcher-2 - [DEPRECATION] Encountered positional parameter near line 1, column 43 in HQL: [SELECT u FROM models.User u WHERE email = ? AND password = ?].  Positional parameter are considered deprecated; use named parameters or JPA-style positional parameters instead.
2016-06-06 10:20:36,253 [WARN] from org.hibernate.hql.internal.ast.HqlSqlWalker in application-akka.actor.default-dispatcher-2 - [DEPRECATION] Encountered positional parameter near line 1, column 60 in HQL: [SELECT u FROM models.User u WHERE email = ? AND password = ?].  Positional parameter are considered deprecated; use named parameters or JPA-style positional parameters instead.
2016-06-06 10:20:36,285 [DEBUG] from org.hibernate.SQL in application-akka.actor.default-dispatcher-2 - select user0_.id as id1_4_, user0_.city as city2_4_, user0_.country as country3_4_, user0_.email as email4_4_, user0_.firstname as firstnam5_4_, user0_.lastname as lastname6_4_, user0_.password as password7_4_, user0_.phone as phone8_4_ from users user0_ where user0_.email=? and user0_.password=?
2016-06-06 10:21:10,729 [INFO] from application in application-akka.actor.default-dispatcher-2 - ApplicationTimer demo: Stopping application at 2016-06-06T08:21:10.729Z after 55s.
2016-06-06 10:21:10,735 [INFO] from application in application-akka.actor.default-dispatcher-2 - Shutting down connection pool.
2016-06-06 10:21:10,898 [WARN] from application in application-akka.actor.default-dispatcher-2 - application.conf @ file:/home/irfank/Play_applications/restaurant_abh/target/scala-2.11/classes/application.conf: 362: user is deprecated, use username instead
2016-06-06 10:21:10,898 [INFO] from application in application-akka.actor.default-dispatcher-2 - Creating Pool for datasource 'default'
2016-06-06 10:21:10,917 [INFO] from play.api.db.HikariCPConnectionPool in application-akka.actor.default-dispatcher-2 - datasource [default] bound to JNDI as DefaultDS
2016-06-06 10:21:10,917 [INFO] from play.api.db.DefaultDBApi in application-akka.actor.default-dispatcher-2 - Database [default] connected at jdbc:postgresql://127.0.0.1:5432/restaurant_abh
2016-06-06 10:21:10,939 [INFO] from application in application-akka.actor.default-dispatcher-2 - ApplicationTimer demo: Starting application at 2016-06-06T08:21:10.938Z
2016-06-06 10:21:10,941 [WARN] from application in application-akka.actor.default-dispatcher-2 - application.conf @ file:/home/irfank/Play_applications/restaurant_abh/target/scala-2.11/classes/application.conf: 373: session.maxAge is deprecated, use play.http.session.maxAge instead
2016-06-06 10:21:11,057 [INFO] from play.api.Play in application-akka.actor.default-dispatcher-2 - Application started (Dev)
2016-06-06 10:21:11,393 [WARN] from org.hibernate.hql.internal.ast.HqlSqlWalker in application-akka.actor.default-dispatcher-5 - [DEPRECATION] Encountered positional parameter near line 1, column 43 in HQL: [SELECT u FROM models.User u WHERE email = ? AND password = ?].  Positional parameter are considered deprecated; use named parameters or JPA-style positional parameters instead.
2016-06-06 10:21:11,394 [WARN] from org.hibernate.hql.internal.ast.HqlSqlWalker in application-akka.actor.default-dispatcher-5 - [DEPRECATION] Encountered positional parameter near line 1, column 60 in HQL: [SELECT u FROM models.User u WHERE email = ? AND password = ?].  Positional parameter are considered deprecated; use named parameters or JPA-style positional parameters instead.
2016-06-06 10:21:11,395 [DEBUG] from org.hibernate.SQL in application-akka.actor.default-dispatcher-5 - select user0_.id as id1_4_, user0_.city as city2_4_, user0_.country as country3_4_, user0_.email as email4_4_, user0_.firstname as firstnam5_4_, user0_.lastname as lastname6_4_, user0_.password as password7_4_, user0_.phone as phone8_4_ from users user0_ where user0_.email=? and user0_.password=?
2016-06-06 10:21:15,349 [DEBUG] from org.hibernate.SQL in application-akka.actor.default-dispatcher-5 - select user0_.id as id1_4_, user0_.city as city2_4_, user0_.country as country3_4_, user0_.email as email4_4_, user0_.firstname as firstnam5_4_, user0_.lastname as lastname6_4_, user0_.password as password7_4_, user0_.phone as phone8_4_ from users user0_ where user0_.email=? and user0_.password=?
2016-06-06 10:21:16,574 [DEBUG] from org.hibernate.SQL in application-akka.actor.default-dispatcher-5 - select user0_.id as id1_4_, user0_.city as city2_4_, user0_.country as country3_4_, user0_.email as email4_4_, user0_.firstname as firstnam5_4_, user0_.lastname as lastname6_4_, user0_.password as password7_4_, user0_.phone as phone8_4_ from users user0_ where user0_.email=? and user0_.password=?
2016-06-06 10:21:17,907 [DEBUG] from org.hibernate.SQL in application-akka.actor.default-dispatcher-7 - select user0_.id as id1_4_, user0_.city as city2_4_, user0_.country as country3_4_, user0_.email as email4_4_, user0_.firstname as firstnam5_4_, user0_.lastname as lastname6_4_, user0_.password as password7_4_, user0_.phone as phone8_4_ from users user0_ where user0_.email=? and user0_.password=?
2016-06-06 10:21:47,050 [INFO] from application in application-akka.actor.default-dispatcher-6 - ApplicationTimer demo: Stopping application at 2016-06-06T08:21:47.050Z after 37s.
2016-06-06 10:21:47,051 [INFO] from application in application-akka.actor.default-dispatcher-6 - Shutting down connection pool.
2016-06-06 10:21:47,198 [WARN] from application in application-akka.actor.default-dispatcher-6 - application.conf @ file:/home/irfank/Play_applications/restaurant_abh/target/scala-2.11/classes/application.conf: 362: user is deprecated, use username instead
2016-06-06 10:21:47,198 [INFO] from application in application-akka.actor.default-dispatcher-6 - Creating Pool for datasource 'default'
2016-06-06 10:21:47,205 [INFO] from play.api.db.HikariCPConnectionPool in application-akka.actor.default-dispatcher-6 - datasource [default] bound to JNDI as DefaultDS
2016-06-06 10:21:47,205 [INFO] from play.api.db.DefaultDBApi in application-akka.actor.default-dispatcher-6 - Database [default] connected at jdbc:postgresql://127.0.0.1:5432/restaurant_abh
2016-06-06 10:21:47,223 [INFO] from application in application-akka.actor.default-dispatcher-6 - ApplicationTimer demo: Starting application at 2016-06-06T08:21:47.223Z
2016-06-06 10:21:47,225 [WARN] from application in application-akka.actor.default-dispatcher-6 - application.conf @ file:/home/irfank/Play_applications/restaurant_abh/target/scala-2.11/classes/application.conf: 373: session.maxAge is deprecated, use play.http.session.maxAge instead
2016-06-06 10:21:47,356 [INFO] from play.api.Play in application-akka.actor.default-dispatcher-6 - Application started (Dev)
2016-06-06 10:29:21,723 [INFO] from application in application-akka.actor.default-dispatcher-18 - ApplicationTimer demo: Stopping application at 2016-06-06T08:29:21.723Z after 454s.
2016-06-06 10:29:21,723 [INFO] from application in application-akka.actor.default-dispatcher-18 - Shutting down connection pool.
2016-06-06 10:29:22,024 [WARN] from application in application-akka.actor.default-dispatcher-18 - application.conf @ file:/home/irfank/Play_applications/restaurant_abh/target/scala-2.11/classes/application.conf: 362: user is deprecated, use username instead
2016-06-06 10:29:22,024 [INFO] from application in application-akka.actor.default-dispatcher-18 - Creating Pool for datasource 'default'
2016-06-06 10:29:22,056 [INFO] from play.api.db.HikariCPConnectionPool in application-akka.actor.default-dispatcher-18 - datasource [default] bound to JNDI as DefaultDS
2016-06-06 10:29:22,056 [INFO] from play.api.db.DefaultDBApi in application-akka.actor.default-dispatcher-18 - Database [default] connected at jdbc:postgresql://127.0.0.1:5432/restaurant_abh
2016-06-06 10:29:22,077 [INFO] from application in application-akka.actor.default-dispatcher-18 - ApplicationTimer demo: Starting application at 2016-06-06T08:29:22.077Z
2016-06-06 10:29:22,079 [WARN] from application in application-akka.actor.default-dispatcher-18 - application.conf @ file:/home/irfank/Play_applications/restaurant_abh/target/scala-2.11/classes/application.conf: 373: session.maxAge is deprecated, use play.http.session.maxAge instead
2016-06-06 10:29:22,237 [INFO] from play.api.Play in application-akka.actor.default-dispatcher-18 - Application started (Dev)
2016-06-06 10:30:20,779 [INFO] from application in application-akka.actor.default-dispatcher-2 - ApplicationTimer demo: Stopping application at 2016-06-06T08:30:20.779Z after 58s.
2016-06-06 10:30:20,780 [INFO] from application in application-akka.actor.default-dispatcher-2 - Shutting down connection pool.
2016-06-06 10:30:20,909 [WARN] from application in application-akka.actor.default-dispatcher-2 - application.conf @ file:/home/irfank/Play_applications/restaurant_abh/target/scala-2.11/classes/application.conf: 362: user is deprecated, use username instead
2016-06-06 10:30:20,910 [INFO] from application in application-akka.actor.default-dispatcher-2 - Creating Pool for datasource 'default'
2016-06-06 10:30:20,923 [INFO] from play.api.db.HikariCPConnectionPool in application-akka.actor.default-dispatcher-2 - datasource [default] bound to JNDI as DefaultDS
2016-06-06 10:30:20,923 [INFO] from play.api.db.DefaultDBApi in application-akka.actor.default-dispatcher-2 - Database [default] connected at jdbc:postgresql://127.0.0.1:5432/restaurant_abh
2016-06-06 10:30:20,944 [INFO] from application in application-akka.actor.default-dispatcher-2 - ApplicationTimer demo: Starting application at 2016-06-06T08:30:20.944Z
2016-06-06 10:30:20,957 [WARN] from application in application-akka.actor.default-dispatcher-2 - application.conf @ file:/home/irfank/Play_applications/restaurant_abh/target/scala-2.11/classes/application.conf: 373: session.maxAge is deprecated, use play.http.session.maxAge instead
2016-06-06 10:30:21,051 [INFO] from play.api.Play in application-akka.actor.default-dispatcher-2 - Application started (Dev)
2016-06-06 10:30:54,010 [INFO] from application in application-akka.actor.default-dispatcher-5 - ApplicationTimer demo: Stopping application at 2016-06-06T08:30:54.010Z after 34s.
2016-06-06 10:30:54,010 [INFO] from application in application-akka.actor.default-dispatcher-5 - Shutting down connection pool.
2016-06-06 10:30:54,107 [WARN] from application in application-akka.actor.default-dispatcher-5 - application.conf @ file:/home/irfank/Play_applications/restaurant_abh/target/scala-2.11/classes/application.conf: 362: user is deprecated, use username instead
2016-06-06 10:30:54,107 [INFO] from application in application-akka.actor.default-dispatcher-5 - Creating Pool for datasource 'default'
2016-06-06 10:30:54,111 [INFO] from play.api.db.HikariCPConnectionPool in application-akka.actor.default-dispatcher-5 - datasource [default] bound to JNDI as DefaultDS
2016-06-06 10:30:54,112 [INFO] from play.api.db.DefaultDBApi in application-akka.actor.default-dispatcher-5 - Database [default] connected at jdbc:postgresql://127.0.0.1:5432/restaurant_abh
2016-06-06 10:30:54,119 [INFO] from application in application-akka.actor.default-dispatcher-5 - ApplicationTimer demo: Starting application at 2016-06-06T08:30:54.119Z
2016-06-06 10:30:54,120 [WARN] from application in application-akka.actor.default-dispatcher-5 - application.conf @ file:/home/irfank/Play_applications/restaurant_abh/target/scala-2.11/classes/application.conf: 373: session.maxAge is deprecated, use play.http.session.maxAge instead
2016-06-06 10:30:54,202 [INFO] from play.api.Play in application-akka.actor.default-dispatcher-5 - Application started (Dev)
2016-06-06 10:40:53,625 [ERROR] from application in netty-event-loop-6 - 

! @70b16h8n2 - Internal server error, for (POST) [/api/v1/login] ->
 
play.sbt.PlayExceptions$CompilationException: Compilation error[continue outside of loop]
	at play.sbt.PlayExceptions$CompilationException$.apply(PlayExceptions.scala:27)
	at play.sbt.PlayExceptions$CompilationException$.apply(PlayExceptions.scala:27)
	at scala.Option.map(Option.scala:145)
	at play.sbt.run.PlayReload$$anonfun$taskFailureHandler$1.apply(PlayReload.scala:49)
	at play.sbt.run.PlayReload$$anonfun$taskFailureHandler$1.apply(PlayReload.scala:44)
	at scala.Option.map(Option.scala:145)
	at play.sbt.run.PlayReload$.taskFailureHandler(PlayReload.scala:44)
	at play.sbt.run.PlayReload$.compileFailure(PlayReload.scala:40)
	at play.sbt.run.PlayReload$$anonfun$compile$1.apply(PlayReload.scala:17)
	at play.sbt.run.PlayReload$$anonfun$compile$1.apply(PlayReload.scala:17)
	at scala.util.Either$LeftProjection.map(Either.scala:377)
	at play.sbt.run.PlayReload$.compile(PlayReload.scala:17)
	at play.sbt.run.PlayRun$$anonfun$playRunTask$1$$anonfun$apply$2$$anonfun$apply$3$$anonfun$2.apply(PlayRun.scala:61)
	at play.sbt.run.PlayRun$$anonfun$playRunTask$1$$anonfun$apply$2$$anonfun$apply$3$$anonfun$2.apply(PlayRun.scala:61)
	at play.runsupport.Reloader$$anonfun$reload$1.apply(Reloader.scala:338)
	at play.runsupport.Reloader$$anon$3.run(Reloader.scala:43)
	at java.security.AccessController.doPrivileged(Native Method)
	at play.runsupport.Reloader$.play$runsupport$Reloader$$withReloaderContextClassLoader(Reloader.scala:39)
	at play.runsupport.Reloader.reload(Reloader.scala:336)
	at play.core.server.DevServerStart$$anonfun$mainDev$1$$anon$1$$anonfun$get$1.apply(DevServerStart.scala:118)
	at play.core.server.DevServerStart$$anonfun$mainDev$1$$anon$1$$anonfun$get$1.apply(DevServerStart.scala:116)
	at scala.concurrent.impl.Future$PromiseCompletingRunnable.liftedTree1$1(Future.scala:24)
	at scala.concurrent.impl.Future$PromiseCompletingRunnable.run(Future.scala:24)
	at akka.dispatch.TaskInvocation.run(AbstractDispatcher.scala:39)
	at akka.dispatch.ForkJoinExecutorConfigurator$AkkaForkJoinTask.exec(AbstractDispatcher.scala:405)
	at scala.concurrent.forkjoin.ForkJoinTask.doExec(ForkJoinTask.java:260)
	at scala.concurrent.forkjoin.ForkJoinPool$WorkQueue.runTask(ForkJoinPool.java:1339)
	at scala.concurrent.forkjoin.ForkJoinPool.runWorker(ForkJoinPool.java:1979)
	at scala.concurrent.forkjoin.ForkJoinWorkerThread.run(ForkJoinWorkerThread.java:107)
2016-06-06 10:41:08,098 [INFO] from application in application-akka.actor.default-dispatcher-3 - ApplicationTimer demo: Stopping application at 2016-06-06T08:41:08.098Z after 614s.
2016-06-06 10:41:08,099 [INFO] from application in application-akka.actor.default-dispatcher-3 - Shutting down connection pool.
2016-06-06 10:41:08,202 [WARN] from application in application-akka.actor.default-dispatcher-3 - application.conf @ file:/home/irfank/Play_applications/restaurant_abh/target/scala-2.11/classes/application.conf: 362: user is deprecated, use username instead
2016-06-06 10:41:08,202 [INFO] from application in application-akka.actor.default-dispatcher-3 - Creating Pool for datasource 'default'
2016-06-06 10:41:08,212 [INFO] from play.api.db.HikariCPConnectionPool in application-akka.actor.default-dispatcher-3 - datasource [default] bound to JNDI as DefaultDS
2016-06-06 10:41:08,212 [INFO] from play.api.db.DefaultDBApi in application-akka.actor.default-dispatcher-3 - Database [default] connected at jdbc:postgresql://127.0.0.1:5432/restaurant_abh
2016-06-06 10:41:08,242 [INFO] from application in application-akka.actor.default-dispatcher-3 - ApplicationTimer demo: Starting application at 2016-06-06T08:41:08.242Z
2016-06-06 10:41:08,243 [WARN] from application in application-akka.actor.default-dispatcher-3 - application.conf @ file:/home/irfank/Play_applications/restaurant_abh/target/scala-2.11/classes/application.conf: 373: session.maxAge is deprecated, use play.http.session.maxAge instead
2016-06-06 10:41:08,322 [INFO] from play.api.Play in application-akka.actor.default-dispatcher-3 - Application started (Dev)
2016-06-06 10:41:14,620 [WARN] from org.hibernate.hql.internal.ast.HqlSqlWalker in application-akka.actor.default-dispatcher-8 - [DEPRECATION] Encountered positional parameter near line 1, column 43 in HQL: [SELECT u FROM models.User u WHERE email = ? AND password = ?].  Positional parameter are considered deprecated; use named parameters or JPA-style positional parameters instead.
2016-06-06 10:41:14,620 [WARN] from org.hibernate.hql.internal.ast.HqlSqlWalker in application-akka.actor.default-dispatcher-8 - [DEPRECATION] Encountered positional parameter near line 1, column 60 in HQL: [SELECT u FROM models.User u WHERE email = ? AND password = ?].  Positional parameter are considered deprecated; use named parameters or JPA-style positional parameters instead.
2016-06-06 10:41:14,621 [DEBUG] from org.hibernate.SQL in application-akka.actor.default-dispatcher-8 - select user0_.id as id1_4_, user0_.city as city2_4_, user0_.country as country3_4_, user0_.email as email4_4_, user0_.firstname as firstnam5_4_, user0_.lastname as lastname6_4_, user0_.password as password7_4_, user0_.phone as phone8_4_ from users user0_ where user0_.email=? and user0_.password=?
2016-06-06 10:41:19,776 [DEBUG] from org.hibernate.SQL in application-akka.actor.default-dispatcher-5 - select user0_.id as id1_4_, user0_.city as city2_4_, user0_.country as country3_4_, user0_.email as email4_4_, user0_.firstname as firstnam5_4_, user0_.lastname as lastname6_4_, user0_.password as password7_4_, user0_.phone as phone8_4_ from users user0_ where user0_.email=? and user0_.password=?
2016-06-06 10:41:21,698 [DEBUG] from org.hibernate.SQL in application-akka.actor.default-dispatcher-5 - select user0_.id as id1_4_, user0_.city as city2_4_, user0_.country as country3_4_, user0_.email as email4_4_, user0_.firstname as firstnam5_4_, user0_.lastname as lastname6_4_, user0_.password as password7_4_, user0_.phone as phone8_4_ from users user0_ where user0_.email=? and user0_.password=?
2016-06-06 10:41:30,411 [INFO] from application in application-akka.actor.default-dispatcher-3 - ApplicationTimer demo: Stopping application at 2016-06-06T08:41:30.411Z after 22s.
2016-06-06 10:41:30,412 [INFO] from application in application-akka.actor.default-dispatcher-3 - Shutting down connection pool.
2016-06-06 10:41:30,496 [WARN] from application in application-akka.actor.default-dispatcher-3 - application.conf @ file:/home/irfank/Play_applications/restaurant_abh/target/scala-2.11/classes/application.conf: 362: user is deprecated, use username instead
2016-06-06 10:41:30,496 [INFO] from application in application-akka.actor.default-dispatcher-3 - Creating Pool for datasource 'default'
2016-06-06 10:41:30,509 [INFO] from play.api.db.HikariCPConnectionPool in application-akka.actor.default-dispatcher-3 - datasource [default] bound to JNDI as DefaultDS
2016-06-06 10:41:30,509 [INFO] from play.api.db.DefaultDBApi in application-akka.actor.default-dispatcher-3 - Database [default] connected at jdbc:postgresql://127.0.0.1:5432/restaurant_abh
2016-06-06 10:41:30,560 [INFO] from application in application-akka.actor.default-dispatcher-3 - ApplicationTimer demo: Starting application at 2016-06-06T08:41:30.560Z
2016-06-06 10:41:30,562 [WARN] from application in application-akka.actor.default-dispatcher-3 - application.conf @ file:/home/irfank/Play_applications/restaurant_abh/target/scala-2.11/classes/application.conf: 373: session.maxAge is deprecated, use play.http.session.maxAge instead
2016-06-06 10:41:30,642 [INFO] from play.api.Play in application-akka.actor.default-dispatcher-3 - Application started (Dev)
2016-06-06 10:41:30,870 [WARN] from org.hibernate.hql.internal.ast.HqlSqlWalker in application-akka.actor.default-dispatcher-8 - [DEPRECATION] Encountered positional parameter near line 1, column 43 in HQL: [SELECT u FROM models.User u WHERE email = ? AND password = ?].  Positional parameter are considered deprecated; use named parameters or JPA-style positional parameters instead.
2016-06-06 10:41:30,871 [WARN] from org.hibernate.hql.internal.ast.HqlSqlWalker in application-akka.actor.default-dispatcher-8 - [DEPRECATION] Encountered positional parameter near line 1, column 60 in HQL: [SELECT u FROM models.User u WHERE email = ? AND password = ?].  Positional parameter are considered deprecated; use named parameters or JPA-style positional parameters instead.
2016-06-06 10:41:30,872 [DEBUG] from org.hibernate.SQL in application-akka.actor.default-dispatcher-8 - select user0_.id as id1_4_, user0_.city as city2_4_, user0_.country as country3_4_, user0_.email as email4_4_, user0_.firstname as firstnam5_4_, user0_.lastname as lastname6_4_, user0_.password as password7_4_, user0_.phone as phone8_4_ from users user0_ where user0_.email=? and user0_.password=?
2016-06-06 10:41:37,495 [DEBUG] from org.hibernate.SQL in application-akka.actor.default-dispatcher-4 - select user0_.id as id1_4_, user0_.city as city2_4_, user0_.country as country3_4_, user0_.email as email4_4_, user0_.firstname as firstnam5_4_, user0_.lastname as lastname6_4_, user0_.password as password7_4_, user0_.phone as phone8_4_ from users user0_ where user0_.email=? and user0_.password=?
2016-06-06 10:42:47,015 [DEBUG] from org.hibernate.SQL in application-akka.actor.default-dispatcher-8 - select user0_.id as id1_4_, user0_.city as city2_4_, user0_.country as country3_4_, user0_.email as email4_4_, user0_.firstname as firstnam5_4_, user0_.lastname as lastname6_4_, user0_.password as password7_4_, user0_.phone as phone8_4_ from users user0_ where user0_.email=? and user0_.password=?
2016-06-06 10:42:48,557 [DEBUG] from org.hibernate.SQL in application-akka.actor.default-dispatcher-10 - select user0_.id as id1_4_, user0_.city as city2_4_, user0_.country as country3_4_, user0_.email as email4_4_, user0_.firstname as firstnam5_4_, user0_.lastname as lastname6_4_, user0_.password as password7_4_, user0_.phone as phone8_4_ from users user0_ where user0_.email=? and user0_.password=?
2016-06-06 10:42:49,355 [DEBUG] from org.hibernate.SQL in application-akka.actor.default-dispatcher-2 - select user0_.id as id1_4_, user0_.city as city2_4_, user0_.country as country3_4_, user0_.email as email4_4_, user0_.firstname as firstnam5_4_, user0_.lastname as lastname6_4_, user0_.password as password7_4_, user0_.phone as phone8_4_ from users user0_ where user0_.email=? and user0_.password=?
2016-06-06 10:42:50,196 [DEBUG] from org.hibernate.SQL in application-akka.actor.default-dispatcher-2 - select user0_.id as id1_4_, user0_.city as city2_4_, user0_.country as country3_4_, user0_.email as email4_4_, user0_.firstname as firstnam5_4_, user0_.lastname as lastname6_4_, user0_.password as password7_4_, user0_.phone as phone8_4_ from users user0_ where user0_.email=? and user0_.password=?
2016-06-06 10:42:50,767 [DEBUG] from org.hibernate.SQL in application-akka.actor.default-dispatcher-2 - select user0_.id as id1_4_, user0_.city as city2_4_, user0_.country as country3_4_, user0_.email as email4_4_, user0_.firstname as firstnam5_4_, user0_.lastname as lastname6_4_, user0_.password as password7_4_, user0_.phone as phone8_4_ from users user0_ where user0_.email=? and user0_.password=?
2016-06-06 10:44:22,553 [DEBUG] from org.hibernate.SQL in application-akka.actor.default-dispatcher-15 - select user0_.id as id1_4_, user0_.city as city2_4_, user0_.country as country3_4_, user0_.email as email4_4_, user0_.firstname as firstnam5_4_, user0_.lastname as lastname6_4_, user0_.password as password7_4_, user0_.phone as phone8_4_ from users user0_ where user0_.email=? and user0_.password=?
2016-06-06 10:44:28,337 [DEBUG] from org.hibernate.SQL in application-akka.actor.default-dispatcher-11 - select user0_.id as id1_4_, user0_.city as city2_4_, user0_.country as country3_4_, user0_.email as email4_4_, user0_.firstname as firstnam5_4_, user0_.lastname as lastname6_4_, user0_.password as password7_4_, user0_.phone as phone8_4_ from users user0_ where user0_.email=? and user0_.password=?
2016-06-06 10:44:30,418 [DEBUG] from org.hibernate.SQL in application-akka.actor.default-dispatcher-18 - SELECT * FROM restaurants ORDER BY id ASC
2016-06-06 10:44:30,447 [DEBUG] from org.hibernate.SQL in application-akka.actor.default-dispatcher-11 - SELECT r.locationName AS location, COUNT(r.id) AS number FROM restaurants r GROUP BY r.locationName
2016-06-06 10:44:55,235 [INFO] from application in application-akka.actor.default-dispatcher-17 - ApplicationTimer demo: Stopping application at 2016-06-06T08:44:55.235Z after 205s.
2016-06-06 10:44:55,237 [INFO] from application in application-akka.actor.default-dispatcher-17 - Shutting down connection pool.
2016-06-06 10:44:55,335 [WARN] from application in application-akka.actor.default-dispatcher-17 - application.conf @ file:/home/irfank/Play_applications/restaurant_abh/target/scala-2.11/classes/application.conf: 362: user is deprecated, use username instead
2016-06-06 10:44:55,335 [INFO] from application in application-akka.actor.default-dispatcher-17 - Creating Pool for datasource 'default'
2016-06-06 10:44:55,348 [INFO] from play.api.db.HikariCPConnectionPool in application-akka.actor.default-dispatcher-17 - datasource [default] bound to JNDI as DefaultDS
2016-06-06 10:44:55,348 [INFO] from play.api.db.DefaultDBApi in application-akka.actor.default-dispatcher-17 - Database [default] connected at jdbc:postgresql://127.0.0.1:5432/restaurant_abh
2016-06-06 10:44:55,370 [INFO] from application in application-akka.actor.default-dispatcher-17 - ApplicationTimer demo: Starting application at 2016-06-06T08:44:55.370Z
2016-06-06 10:44:55,372 [WARN] from application in application-akka.actor.default-dispatcher-17 - application.conf @ file:/home/irfank/Play_applications/restaurant_abh/target/scala-2.11/classes/application.conf: 373: session.maxAge is deprecated, use play.http.session.maxAge instead
2016-06-06 10:44:55,477 [INFO] from play.api.Play in application-akka.actor.default-dispatcher-17 - Application started (Dev)
2016-06-06 10:44:56,790 [DEBUG] from org.hibernate.SQL in application-akka.actor.default-dispatcher-7 - SELECT * FROM restaurants ORDER BY id ASC
2016-06-06 10:44:56,843 [DEBUG] from org.hibernate.SQL in application-akka.actor.default-dispatcher-2 - SELECT r.locationName AS location, COUNT(r.id) AS number FROM restaurants r GROUP BY r.locationName
2016-06-06 10:45:05,816 [WARN] from org.hibernate.hql.internal.ast.HqlSqlWalker in application-akka.actor.default-dispatcher-8 - [DEPRECATION] Encountered positional parameter near line 1, column 43 in HQL: [SELECT u FROM models.User u WHERE email = ? AND password = ?].  Positional parameter are considered deprecated; use named parameters or JPA-style positional parameters instead.
2016-06-06 10:45:05,817 [WARN] from org.hibernate.hql.internal.ast.HqlSqlWalker in application-akka.actor.default-dispatcher-8 - [DEPRECATION] Encountered positional parameter near line 1, column 60 in HQL: [SELECT u FROM models.User u WHERE email = ? AND password = ?].  Positional parameter are considered deprecated; use named parameters or JPA-style positional parameters instead.
2016-06-06 10:45:05,818 [DEBUG] from org.hibernate.SQL in application-akka.actor.default-dispatcher-8 - select user0_.id as id1_4_, user0_.city as city2_4_, user0_.country as country3_4_, user0_.email as email4_4_, user0_.firstname as firstnam5_4_, user0_.lastname as lastname6_4_, user0_.password as password7_4_, user0_.phone as phone8_4_ from users user0_ where user0_.email=? and user0_.password=?
2016-06-06 10:45:06,690 [DEBUG] from org.hibernate.SQL in application-akka.actor.default-dispatcher-5 - select user0_.id as id1_4_, user0_.city as city2_4_, user0_.country as country3_4_, user0_.email as email4_4_, user0_.firstname as firstnam5_4_, user0_.lastname as lastname6_4_, user0_.password as password7_4_, user0_.phone as phone8_4_ from users user0_ where user0_.email=? and user0_.password=?
2016-06-06 10:45:07,313 [DEBUG] from org.hibernate.SQL in application-akka.actor.default-dispatcher-5 - select user0_.id as id1_4_, user0_.city as city2_4_, user0_.country as country3_4_, user0_.email as email4_4_, user0_.firstname as firstnam5_4_, user0_.lastname as lastname6_4_, user0_.password as password7_4_, user0_.phone as phone8_4_ from users user0_ where user0_.email=? and user0_.password=?
2016-06-06 10:45:14,002 [DEBUG] from org.hibernate.SQL in application-akka.actor.default-dispatcher-8 - select user0_.id as id1_4_, user0_.city as city2_4_, user0_.country as country3_4_, user0_.email as email4_4_, user0_.firstname as firstnam5_4_, user0_.lastname as lastname6_4_, user0_.password as password7_4_, user0_.phone as phone8_4_ from users user0_ where user0_.email=? and user0_.password=?
2016-06-06 10:45:16,058 [DEBUG] from org.hibernate.SQL in application-akka.actor.default-dispatcher-8 - SELECT * FROM restaurants ORDER BY id ASC
2016-06-06 10:45:16,096 [DEBUG] from org.hibernate.SQL in application-akka.actor.default-dispatcher-7 - SELECT r.locationName AS location, COUNT(r.id) AS number FROM restaurants r GROUP BY r.locationName
2016-06-06 10:45:18,937 [DEBUG] from org.hibernate.SQL in application-akka.actor.default-dispatcher-7 - SELECT * FROM restaurants ORDER BY id ASC
2016-06-06 10:45:18,972 [DEBUG] from org.hibernate.SQL in application-akka.actor.default-dispatcher-4 - SELECT r.locationName AS location, COUNT(r.id) AS number FROM restaurants r GROUP BY r.locationName
2016-06-06 10:45:29,019 [DEBUG] from org.hibernate.SQL in application-akka.actor.default-dispatcher-7 - select user0_.id as id1_4_, user0_.city as city2_4_, user0_.country as country3_4_, user0_.email as email4_4_, user0_.firstname as firstnam5_4_, user0_.lastname as lastname6_4_, user0_.password as password7_4_, user0_.phone as phone8_4_ from users user0_ where user0_.email=? and user0_.password=?
2016-06-06 10:46:09,115 [DEBUG] from org.hibernate.SQL in application-akka.actor.default-dispatcher-10 - select user0_.id as id1_4_, user0_.city as city2_4_, user0_.country as country3_4_, user0_.email as email4_4_, user0_.firstname as firstnam5_4_, user0_.lastname as lastname6_4_, user0_.password as password7_4_, user0_.phone as phone8_4_ from users user0_ where user0_.email=? and user0_.password=?
2016-06-06 10:46:09,705 [DEBUG] from org.hibernate.SQL in application-akka.actor.default-dispatcher-10 - select user0_.id as id1_4_, user0_.city as city2_4_, user0_.country as country3_4_, user0_.email as email4_4_, user0_.firstname as firstnam5_4_, user0_.lastname as lastname6_4_, user0_.password as password7_4_, user0_.phone as phone8_4_ from users user0_ where user0_.email=? and user0_.password=?
2016-06-06 10:46:13,592 [DEBUG] from org.hibernate.SQL in application-akka.actor.default-dispatcher-10 - select user0_.id as id1_4_, user0_.city as city2_4_, user0_.country as country3_4_, user0_.email as email4_4_, user0_.firstname as firstnam5_4_, user0_.lastname as lastname6_4_, user0_.password as password7_4_, user0_.phone as phone8_4_ from users user0_ where user0_.email=? and user0_.password=?
2016-06-06 10:46:14,457 [DEBUG] from org.hibernate.SQL in application-akka.actor.default-dispatcher-10 - select user0_.id as id1_4_, user0_.city as city2_4_, user0_.country as country3_4_, user0_.email as email4_4_, user0_.firstname as firstnam5_4_, user0_.lastname as lastname6_4_, user0_.password as password7_4_, user0_.phone as phone8_4_ from users user0_ where user0_.email=? and user0_.password=?
2016-06-06 10:46:14,991 [DEBUG] from org.hibernate.SQL in application-akka.actor.default-dispatcher-6 - select user0_.id as id1_4_, user0_.city as city2_4_, user0_.country as country3_4_, user0_.email as email4_4_, user0_.firstname as firstnam5_4_, user0_.lastname as lastname6_4_, user0_.password as password7_4_, user0_.phone as phone8_4_ from users user0_ where user0_.email=? and user0_.password=?
